---
acc_kurtosis: 7.98557757399603
acc_mean: 1.81395348837209
acc_mode: 0
acc_quantile_lower: 0
acc_quantile_max: 16
acc_quantile_median: 0
acc_quantile_min: 0
acc_quantile_ninety_five: 8
acc_quantile_upper: 2.5
acc_skewness: 2.55893624615492
acc_standard_deviation: 3.25324610016847
acc_sum: 78
acc_variance: 10.5836101882614
accm_kurtosis: 1.69989977945772
accm_mean: 1.57485750113999
accm_mode: 1
accm_quantile_lower: 1
accm_quantile_max: 4
accm_quantile_median: 1
accm_quantile_min: 1
accm_quantile_ninety_five: 3.6
accm_quantile_upper: 2
accm_skewness: 1.53115461226786
accm_standard_deviation: 0.817011254298413
accm_sum: 67.7188725490196
accm_variance: 0.667507389650266
amloc_kurtosis: -0.0906633523303366
amloc_mean: 8.96383651118603
amloc_mode: 1
amloc_quantile_lower: 4
amloc_quantile_max: 25
amloc_quantile_median: 8
amloc_quantile_min: 1
amloc_quantile_ninety_five: 20
amloc_quantile_upper: 12.625
amloc_skewness: 0.812123441959335
amloc_standard_deviation: 6.56012684735924
amloc_sum: 385.444969980999
amloc_variance: 43.0352642534435
an_kurtosis: 0
an_mean: 0
an_mode: 0
an_quantile_lower: 0
an_quantile_max: 0
an_quantile_median: 0
an_quantile_min: 0
an_quantile_ninety_five: 0
an_quantile_upper: 0
an_skewness: 0
an_standard_deviation: 0
an_sum: 0
an_variance: 0
anpm_kurtosis: 7.87073881727307
anpm_mean: 1.06160687807405
anpm_mode: 1
anpm_quantile_lower: 0.666666666666667
anpm_quantile_max: 4
anpm_quantile_median: 1
anpm_quantile_min: 0
anpm_quantile_ninety_five: 1.875
anpm_quantile_upper: 1.19607843137255
anpm_skewness: 2.34546786510646
anpm_standard_deviation: 0.762200368895084
anpm_sum: 45.649095757184
anpm_variance: 0.580949402343802
asom_kurtosis: 0
asom_mean: 0
asom_mode: 0
asom_quantile_lower: 0
asom_quantile_max: 0
asom_quantile_median: 0
asom_quantile_min: 0
asom_quantile_ninety_five: 0
asom_quantile_upper: 0
asom_skewness: 0
asom_standard_deviation: 0
asom_sum: 0
asom_variance: 0
auv_kurtosis: 0
auv_mean: 0
auv_mode: 0
auv_quantile_lower: 0
auv_quantile_max: 0
auv_quantile_median: 0
auv_quantile_min: 0
auv_quantile_ninety_five: 0
auv_quantile_upper: 0
auv_skewness: 0
auv_standard_deviation: 0
auv_sum: 0
auv_variance: 0
bd_kurtosis: 0
bd_mean: 0
bd_mode: 0
bd_quantile_lower: 0
bd_quantile_max: 0
bd_quantile_median: 0
bd_quantile_min: 0
bd_quantile_ninety_five: 0
bd_quantile_upper: 0
bd_skewness: 0
bd_standard_deviation: 0
bd_sum: 0
bd_variance: 0
bf_kurtosis: 0
bf_mean: 0
bf_mode: 0
bf_quantile_lower: 0
bf_quantile_max: 0
bf_quantile_median: 0
bf_quantile_min: 0
bf_quantile_ninety_five: 0
bf_quantile_upper: 0
bf_skewness: 0
bf_standard_deviation: 0
bf_sum: 0
bf_variance: 0
cbo_kurtosis: -1.02520140987338
cbo_mean: 9.48837209302326
cbo_mode: 9
cbo_quantile_lower: 6
cbo_quantile_max: 16
cbo_quantile_median: 9
cbo_quantile_min: 0
cbo_quantile_ninety_five: 16
cbo_quantile_upper: 13
cbo_skewness: -0.231546112263718
cbo_standard_deviation: 4.26710615123052
cbo_sum: 408
cbo_variance: 18.2081949058693
change_cost: 0.10
da_kurtosis: 0
da_mean: 0
da_mode: 0
da_quantile_lower: 0
da_quantile_max: 0
da_quantile_median: 0
da_quantile_min: 0
da_quantile_ninety_five: 0
da_quantile_upper: 0
da_skewness: 0
da_standard_deviation: 0
da_sum: 0
da_variance: 0
dbz_kurtosis: 0
dbz_mean: 0
dbz_mode: 0
dbz_quantile_lower: 0
dbz_quantile_max: 0
dbz_quantile_median: 0
dbz_quantile_min: 0
dbz_quantile_ninety_five: 0
dbz_quantile_upper: 0
dbz_skewness: 0
dbz_standard_deviation: 0
dbz_sum: 0
dbz_variance: 0
df_kurtosis: 0
df_mean: 0
df_mode: 0
df_quantile_lower: 0
df_quantile_max: 0
df_quantile_median: 0
df_quantile_min: 0
df_quantile_ninety_five: 0
df_quantile_upper: 0
df_skewness: 0
df_standard_deviation: 0
df_sum: 0
df_variance: 0
dit_kurtosis: -0.302800612880269
dit_mean: 0.534883720930233
dit_mode: 0
dit_quantile_lower: 0
dit_quantile_max: 2
dit_quantile_median: 0
dit_quantile_min: 0
dit_quantile_ninety_five: 2
dit_quantile_upper: 1
dit_skewness: 0.875683619590788
dit_standard_deviation: 0.667220146767536
dit_sum: 23
dit_variance: 0.445182724252492
dnp_kurtosis: 0
dnp_mean: 0
dnp_mode: 0
dnp_quantile_lower: 0
dnp_quantile_max: 0
dnp_quantile_median: 0
dnp_quantile_min: 0
dnp_quantile_ninety_five: 0
dnp_quantile_upper: 0
dnp_skewness: 0
dnp_standard_deviation: 0
dnp_sum: 0
dnp_variance: 0
dupv_kurtosis: 0
dupv_mean: 0
dupv_mode: 0
dupv_quantile_lower: 0
dupv_quantile_max: 0
dupv_quantile_median: 0
dupv_quantile_min: 0
dupv_quantile_ninety_five: 0
dupv_quantile_upper: 0
dupv_skewness: 0
dupv_standard_deviation: 0
dupv_sum: 0
dupv_variance: 0
fgbo_kurtosis: 0
fgbo_mean: 0
fgbo_mode: 0
fgbo_quantile_lower: 0
fgbo_quantile_max: 0
fgbo_quantile_median: 0
fgbo_quantile_min: 0
fgbo_quantile_ninety_five: 0
fgbo_quantile_upper: 0
fgbo_skewness: 0
fgbo_standard_deviation: 0
fgbo_sum: 0
fgbo_variance: 0
lcom4_kurtosis: 7.40193724394384
lcom4_mean: 2.2093023255814
lcom4_mode: 1
lcom4_quantile_lower: 1
lcom4_quantile_max: 10
lcom4_quantile_median: 2
lcom4_quantile_min: 1
lcom4_quantile_ninety_five: 8
lcom4_quantile_upper: 2
lcom4_skewness: 2.75067886643744
lcom4_standard_deviation: 2.06510854707082
lcom4_sum: 95
lcom4_variance: 4.26467331118494
loc_kurtosis: 8.88631467994732
loc_mean: 44.6744186046512
loc_mode: 9
loc_quantile_lower: 8.5
loc_quantile_max: 301
loc_quantile_median: 22
loc_quantile_min: 1
loc_quantile_ninety_five: 148
loc_quantile_upper: 53.5
loc_skewness: 2.7929297377334
loc_standard_deviation: 60.8318216107924
loc_sum: 1921
loc_variance: 3700.51052048726
mlk_kurtosis: 0
mlk_mean: 0
mlk_mode: 0
mlk_quantile_lower: 0
mlk_quantile_max: 0
mlk_quantile_median: 0
mlk_quantile_min: 0
mlk_quantile_ninety_five: 0
mlk_quantile_upper: 0
mlk_skewness: 0
mlk_standard_deviation: 0
mlk_sum: 0
mlk_variance: 0
mmloc_kurtosis: 2.22622901804473
mmloc_mean: 16.4186046511628
mmloc_mode: 18
mmloc_quantile_lower: 5
mmloc_quantile_max: 63
mmloc_quantile_median: 13
mmloc_quantile_min: 1
mmloc_quantile_ninety_five: 45
mmloc_quantile_upper: 23.5
mmloc_skewness: 1.43968584774721
mmloc_standard_deviation: 14.8680426837139
mmloc_sum: 706
mmloc_variance: 221.05869324474
noa_kurtosis: 0.955424636379437
noa_mean: 3.69767441860465
noa_mode: 0
noa_quantile_lower: 0
noa_quantile_max: 18
noa_quantile_median: 2
noa_quantile_min: 0
noa_quantile_ninety_five: 14
noa_quantile_upper: 3.5
noa_skewness: 1.46164290026181
noa_standard_deviation: 5.08281363645191
noa_sum: 159
noa_variance: 25.8349944629014
noc_kurtosis: 17.1965816418577
noc_mean: 0.255813953488372
noc_mode: 0
noc_quantile_lower: 0
noc_quantile_max: 4
noc_quantile_median: 0
noc_quantile_min: 0
noc_quantile_ninety_five: 1
noc_quantile_upper: 0
noc_skewness: 3.8539358179322
noc_standard_deviation: 0.726800662257408
noc_sum: 11
noc_variance: 0.528239202657807
nom_kurtosis: 12.3927453138458
nom_mean: 5.27906976744186
nom_mode: 1
nom_quantile_lower: 1
nom_quantile_max: 34
nom_quantile_median: 4
nom_quantile_min: 1
nom_quantile_ninety_five: 13
nom_quantile_upper: 7.5
nom_skewness: 2.97854601475636
nom_standard_deviation: 5.93747413586487
nom_sum: 227
nom_variance: 35.2535991140642
npa_kurtosis: 11.9685670659512
npa_mean: 1.25581395348837
npa_mode: 0
npa_quantile_lower: 0
npa_quantile_max: 18
npa_quantile_median: 0
npa_quantile_min: 0
npa_quantile_ninety_five: 10
npa_quantile_upper: 0
npa_skewness: 3.4197561566234
npa_standard_deviation: 3.62591875553017
npa_sum: 54
npa_variance: 13.1472868217054
npm_kurtosis: 15.4033405493771
npm_mean: 4.95348837209302
npm_mode: 1
npm_quantile_lower: 1
npm_quantile_max: 34
npm_quantile_median: 3
npm_quantile_min: 1
npm_quantile_ninety_five: 12
npm_quantile_upper: 6.5
npm_skewness: 3.3542492374488
npm_standard_deviation: 5.71944672803774
npm_sum: 213
npm_variance: 32.7120708748616
obaa_kurtosis: 0
obaa_mean: 0
obaa_mode: 0
obaa_quantile_lower: 0
obaa_quantile_max: 0
obaa_quantile_median: 0
obaa_quantile_min: 0
obaa_quantile_ninety_five: 0
obaa_quantile_upper: 0
obaa_skewness: 0
obaa_standard_deviation: 0
obaa_sum: 0
obaa_variance: 0
osf_kurtosis: 0
osf_mean: 0
osf_mode: 0
osf_quantile_lower: 0
osf_quantile_max: 0
osf_quantile_median: 0
osf_quantile_min: 0
osf_quantile_ninety_five: 0
osf_quantile_upper: 0
osf_skewness: 0
osf_standard_deviation: 0
osf_sum: 0
osf_variance: 0
pitfc_kurtosis: 0
pitfc_mean: 0
pitfc_mode: 0
pitfc_quantile_lower: 0
pitfc_quantile_max: 0
pitfc_quantile_median: 0
pitfc_quantile_min: 0
pitfc_quantile_ninety_five: 0
pitfc_quantile_upper: 0
pitfc_skewness: 0
pitfc_standard_deviation: 0
pitfc_sum: 0
pitfc_variance: 0
rfc_kurtosis: 7.9323709901286
rfc_mean: 17.2790697674419
rfc_mode: 1
rfc_quantile_lower: 3
rfc_quantile_max: 111
rfc_quantile_median: 11
rfc_quantile_min: 1
rfc_quantile_ninety_five: 66
rfc_quantile_upper: 18.5
rfc_skewness: 2.57608185527699
rfc_standard_deviation: 21.8494040252113
rfc_sum: 743
rfc_variance: 477.396456256921
rogu_kurtosis: 0
rogu_mean: 0
rogu_mode: 0
rogu_quantile_lower: 0
rogu_quantile_max: 0
rogu_quantile_median: 0
rogu_quantile_min: 0
rogu_quantile_ninety_five: 0
rogu_quantile_upper: 0
rogu_skewness: 0
rogu_standard_deviation: 0
rogu_sum: 0
rogu_variance: 0
rsva_kurtosis: 0
rsva_mean: 0
rsva_mode: 0
rsva_quantile_lower: 0
rsva_quantile_max: 0
rsva_quantile_median: 0
rsva_quantile_min: 0
rsva_quantile_ninety_five: 0
rsva_quantile_upper: 0
rsva_skewness: 0
rsva_standard_deviation: 0
rsva_sum: 0
rsva_variance: 0
saigv_kurtosis: 0
saigv_mean: 0
saigv_mode: 0
saigv_quantile_lower: 0
saigv_quantile_max: 0
saigv_quantile_median: 0
saigv_quantile_min: 0
saigv_quantile_ninety_five: 0
saigv_quantile_upper: 0
saigv_skewness: 0
saigv_standard_deviation: 0
saigv_sum: 0
saigv_variance: 0
sc_kurtosis: 6.89689766788026
sc_mean: 19.0697674418605
sc_mode: 6
sc_quantile_lower: 8.5
sc_quantile_max: 90
sc_quantile_median: 13
sc_quantile_min: 0
sc_quantile_ninety_five: 54
sc_quantile_upper: 24
sc_skewness: 2.49921344285125
sc_standard_deviation: 18.3502891489314
sc_sum: 820
sc_variance: 336.733111849391
total_abstract_classes: 4
total_cof: 0.0431893687707641
total_eloc: 2283
total_loc: 1921
total_methods_per_abstract_class: 3.25
total_modules: 43
total_modules_with_defined_attributes: 26
total_modules_with_defined_methods: 43
total_nom: 227
ua_kurtosis: 0
ua_mean: 0
ua_mode: 0
ua_quantile_lower: 0
ua_quantile_max: 0
ua_quantile_median: 0
ua_quantile_min: 0
ua_quantile_ninety_five: 0
ua_quantile_upper: 0
ua_skewness: 0
ua_standard_deviation: 0
ua_sum: 0
ua_variance: 0
uaf_kurtosis: 0
uaf_mean: 0
uaf_mode: 0
uaf_quantile_lower: 0
uaf_quantile_max: 0
uaf_quantile_median: 0
uaf_quantile_min: 0
uaf_quantile_ninety_five: 0
uaf_quantile_upper: 0
uaf_skewness: 0
uaf_standard_deviation: 0
uaf_sum: 0
uaf_variance: 0
uav_kurtosis: 0
uav_mean: 0
uav_mode: 0
uav_quantile_lower: 0
uav_quantile_max: 0
uav_quantile_median: 0
uav_quantile_min: 0
uav_quantile_ninety_five: 0
uav_quantile_upper: 0
uav_skewness: 0
uav_standard_deviation: 0
uav_sum: 0
uav_variance: 0
---
_filename:
  - com/pvmp/controller/ControllerInterface.java
_module: com::pvmp::controller::ControllerInterface
acc: 3
accm: 1
amloc: 1
an: 0
anpm: 0.625
asom: 0
auv: 0
bd: 0
bf: 0
cbo: 0
da: 0
dbz: 0
df: 0
dit: 0
dnp: 0
dupv: 0
fgbo: 0
lcom4: 8
loc: 8
mlk: 0
mmloc: 1
noa: 0
noc: 1
nom: 8
npa: 0
npm: 8
obaa: 0
osf: 0
pitfc: 0
rfc: 8
rogu: 0
rsva: 0
saigv: 0
sc: 0
ua: 0
uaf: 0
uav: 0
---
_filename:
  - com/pvmp/controller/PVMPController.java
_module: com::pvmp::controller::PVMPController
acc: 9
accm: 1.2
amloc: 6.7
an: 0
anpm: 0.6
asom: 0
auv: 0
bd: 0
bf: 0
cbo: 3
da: 0
dbz: 0
df: 0
dit: 1
dnp: 0
dupv: 0
fgbo: 0
lcom4: 3
loc: 67
mlk: 0
mmloc: 20
noa: 2
noc: 0
nom: 10
npa: 0
npm: 10
obaa: 0
osf: 0
pitfc: 0
rfc: 30
rogu: 0
rsva: 0
saigv: 0
sc: 9
ua: 0
uaf: 0
uav: 0
---
_filename:
  - com/pvmp/dao/Criteria.java
_module: com::pvmp::dao::Criteria
acc: 0
accm: 2.66666666666667
amloc: 14.3333333333333
an: 0
anpm: 0.666666666666667
asom: 0
auv: 0
bd: 0
bf: 0
cbo: 3
da: 0
dbz: 0
df: 0
dit: 1
dnp: 0
dupv: 0
fgbo: 0
lcom4: 1
loc: 43
mlk: 0
mmloc: 29
noa: 2
noc: 0
nom: 3
npa: 0
npm: 3
obaa: 0
osf: 0
pitfc: 0
rfc: 7
rogu: 0
rsva: 0
saigv: 0
sc: 3
ua: 0
uaf: 0
uav: 0
---
_filename:
  - com/pvmp/dao/DAOAbstract.java
_module: com::pvmp::dao::DAOAbstract
acc: 6
accm: 1.83333333333333
amloc: 8.33333333333333
an: 0
anpm: 1.33333333333333
asom: 0
auv: 0
bd: 0
bf: 0
cbo: 4
da: 0
dbz: 0
df: 0
dit: 0
dnp: 0
dupv: 0
fgbo: 0
lcom4: 2
loc: 50
mlk: 0
mmloc: 19
noa: 1
noc: 1
nom: 6
npa: 1
npm: 6
obaa: 0
osf: 0
pitfc: 0
rfc: 14
rogu: 0
rsva: 0
saigv: 0
sc: 8
ua: 0
uaf: 0
uav: 0
---
_filename:
  - com/pvmp/dao/Expression.java
_module: com::pvmp::dao::Expression
acc: 5
accm: 1
amloc: 1.5
an: 0
anpm: 0
asom: 0
auv: 0
bd: 0
bf: 0
cbo: 4
da: 0
dbz: 0
df: 0
dit: 0
dnp: 0
dupv: 0
fgbo: 0
lcom4: 2
loc: 3
mlk: 0
mmloc: 2
noa: 2
noc: 2
nom: 2
npa: 2
npm: 2
obaa: 0
osf: 0
pitfc: 0
rfc: 2
rogu: 0
rsva: 0
saigv: 0
sc: 8
ua: 0
uaf: 0
uav: 0
---
_filename:
  - com/pvmp/dao/Filter.java
_module: com::pvmp::dao::Filter
acc: 2
accm: 2.375
amloc: 12.25
an: 0
anpm: 1
asom: 0
auv: 0
bd: 0
bf: 0
cbo: 4
da: 0
dbz: 0
df: 0
dit: 1
dnp: 0
dupv: 0
fgbo: 0
lcom4: 2
loc: 98
mlk: 0
mmloc: 28
noa: 3
noc: 0
nom: 8
npa: 0
npm: 5
obaa: 0
osf: 0
pitfc: 0
rfc: 18
rogu: 0
rsva: 0
saigv: 0
sc: 8
ua: 0
uaf: 0
uav: 0
---
_filename:
  - com/pvmp/dao/PersistenceHelper.java
_module: com::pvmp::dao::PersistenceHelper
acc: 0
accm: 1.25
amloc: 5.5
an: 0
anpm: 1.5
asom: 0
auv: 0
bd: 0
bf: 0
cbo: 4
da: 0
dbz: 0
df: 0
dit: 1
dnp: 0
dupv: 0
fgbo: 0
lcom4: 2
loc: 22
mlk: 0
mmloc: 9
noa: 3
noc: 0
nom: 4
npa: 2
npm: 3
obaa: 0
osf: 0
pitfc: 0
rfc: 9
rogu: 0
rsva: 0
saigv: 0
sc: 8
ua: 0
uaf: 0
uav: 0
---
_filename:
  - com/pvmp/dao/PVMPDatabase.java
_module: com::pvmp::dao::PVMPDatabase
acc: 0
accm: 1.75
amloc: 10
an: 0
anpm: 1.875
asom: 0
auv: 0
bd: 0
bf: 0
cbo: 5
da: 0
dbz: 0
df: 0
dit: 0
dnp: 0
dupv: 0
fgbo: 0
lcom4: 2
loc: 80
mlk: 0
mmloc: 26
noa: 1
noc: 0
nom: 8
npa: 0
npm: 4
obaa: 0
osf: 0
pitfc: 0
rfc: 18
rogu: 0
rsva: 0
saigv: 0
sc: 10
ua: 0
uaf: 0
uav: 0
---
_filename:
  - com/pvmp/dao/SqlInstructionQuery.java
_module: com::pvmp::dao::SqlInstructionQuery
acc: 4
accm: 1
amloc: 3.25
an: 0
anpm: 0.5
asom: 0
auv: 0
bd: 0
bf: 0
cbo: 5
da: 0
dbz: 0
df: 0
dit: 0
dnp: 0
dupv: 0
fgbo: 0
lcom4: 3
loc: 13
mlk: 0
mmloc: 4
noa: 3
noc: 1
nom: 4
npa: 0
npm: 4
obaa: 0
osf: 0
pitfc: 0
rfc: 7
rogu: 0
rsva: 0
saigv: 0
sc: 15
ua: 0
uaf: 0
uav: 0
---
_filename:
  - com/pvmp/dao/SqlSelect.java
_module: com::pvmp::dao::SqlSelect
acc: 1
accm: 2
amloc: 10
an: 0
anpm: 0.25
asom: 0
auv: 0
bd: 0
bf: 0
cbo: 6
da: 0
dbz: 0
df: 0
dit: 1
dnp: 0
dupv: 0
fgbo: 0
lcom4: 1
loc: 40
mlk: 0
mmloc: 29
noa: 1
noc: 0
nom: 4
npa: 1
npm: 4
obaa: 0
osf: 0
pitfc: 0
rfc: 12
rogu: 0
rsva: 0
saigv: 0
sc: 6
ua: 0
uaf: 0
uav: 0
---
_filename:
  - com/pvmp/dao/UserDAO.java
_module: com::pvmp::dao::UserDAO
acc: 4
accm: 1.25
amloc: 7.58333333333333
an: 0
anpm: 1
asom: 0
auv: 0
bd: 0
bf: 0
cbo: 6
da: 0
dbz: 0
df: 0
dit: 0
dnp: 0
dupv: 0
fgbo: 0
lcom4: 1
loc: 91
mlk: 0
mmloc: 13
noa: 13
noc: 0
nom: 12
npa: 11
npm: 10
obaa: 0
osf: 0
pitfc: 0
rfc: 70
rogu: 0
rsva: 0
saigv: 0
sc: 6
ua: 0
uaf: 0
uav: 0
---
_filename:
  - com/pvmp/models/Deputy.java
_module: com::pvmp::models::Deputy
acc: 0
accm: 1
amloc: 3.28571428571429
an: 0
anpm: 0.428571428571429
asom: 0
auv: 0
bd: 0
bf: 0
cbo: 6
da: 0
dbz: 0
df: 0
dit: 0
dnp: 0
dupv: 0
fgbo: 0
lcom4: 1
loc: 23
mlk: 0
mmloc: 5
noa: 3
noc: 0
nom: 7
npa: 0
npm: 7
obaa: 0
osf: 0
pitfc: 0
rfc: 16
rogu: 0
rsva: 0
saigv: 0
sc: 6
ua: 0
uaf: 0
uav: 0
---
_filename:
  - com/pvmp/models/ListenerObserverInterface.java
_module: com::pvmp::models::ListenerObserverInterface
acc: 0
accm: 1
amloc: 1
an: 0
anpm: 0
asom: 0
auv: 0
bd: 0
bf: 0
cbo: 6
da: 0
dbz: 0
df: 0
dit: 0
dnp: 0
dupv: 0
fgbo: 0
lcom4: 1
loc: 1
mlk: 0
mmloc: 1
noa: 0
noc: 0
nom: 1
npa: 0
npm: 1
obaa: 0
osf: 0
pitfc: 0
rfc: 1
rogu: 0
rsva: 0
saigv: 0
sc: 6
ua: 0
uaf: 0
uav: 0
---
_filename:
  - com/pvmp/models/ModelSubjectInterface.java
_module: com::pvmp::models::ModelSubjectInterface
acc: 6
accm: 1
amloc: 1
an: 0
anpm: 1
asom: 0
auv: 0
bd: 0
bf: 0
cbo: 6
da: 0
dbz: 0
df: 0
dit: 0
dnp: 0
dupv: 0
fgbo: 0
lcom4: 9
loc: 9
mlk: 0
mmloc: 1
noa: 0
noc: 1
nom: 9
npa: 0
npm: 9
obaa: 0
osf: 0
pitfc: 0
rfc: 9
rogu: 0
rsva: 0
saigv: 0
sc: 54
ua: 0
uaf: 0
uav: 0
---
_filename:
  - com/pvmp/models/Proposition.java
_module: com::pvmp::models::Proposition
acc: 0
accm: 1
amloc: 4.38461538461539
an: 0
anpm: 0.461538461538462
asom: 0
auv: 0
bd: 0
bf: 0
cbo: 6
da: 0
dbz: 0
df: 0
dit: 0
dnp: 0
dupv: 0
fgbo: 0
lcom4: 1
loc: 57
mlk: 0
mmloc: 9
noa: 6
noc: 0
nom: 13
npa: 0
npm: 13
obaa: 0
osf: 0
pitfc: 0
rfc: 31
rogu: 0
rsva: 0
saigv: 0
sc: 6
ua: 0
uaf: 0
uav: 0
---
_filename:
  - com/pvmp/models/PVMPmodel.java
_module: com::pvmp::models::PVMPmodel
acc: 0
accm: 1.4
amloc: 9.4
an: 0
anpm: 1
asom: 0
auv: 0
bd: 0
bf: 0
cbo: 9
da: 0
dbz: 0
df: 0
dit: 1
dnp: 0
dupv: 0
fgbo: 0
lcom4: 3
loc: 94
mlk: 0
mmloc: 23
noa: 3
noc: 0
nom: 10
npa: 0
npm: 10
obaa: 0
osf: 0
pitfc: 0
rfc: 31
rogu: 0
rsva: 0
saigv: 0
sc: 27
ua: 0
uaf: 0
uav: 0
---
_filename:
  - com/pvmp/models/User.java
_module: com::pvmp::models::User
acc: 16
accm: 1.76470588235294
amloc: 8.85294117647059
an: 0
anpm: 1.05882352941176
asom: 0
auv: 0
bd: 0
bf: 0
cbo: 9
da: 0
dbz: 0
df: 0
dit: 1
dnp: 0
dupv: 0
fgbo: 0
lcom4: 10
loc: 301
mlk: 0
mmloc: 59
noa: 16
noc: 0
nom: 34
npa: 8
npm: 34
obaa: 0
osf: 0
pitfc: 0
rfc: 111
rogu: 0
rsva: 0
saigv: 0
sc: 90
ua: 0
uaf: 0
uav: 0
---
_filename:
  - com/pvmp/models/Vote.java
_module: com::pvmp::models::Vote
acc: 0
accm: 1
amloc: 3.28571428571429
an: 0
anpm: 0.428571428571429
asom: 0
auv: 0
bd: 0
bf: 0
cbo: 9
da: 0
dbz: 0
df: 0
dit: 0
dnp: 0
dupv: 0
fgbo: 0
lcom4: 1
loc: 23
mlk: 0
mmloc: 5
noa: 3
noc: 0
nom: 7
npa: 0
npm: 7
obaa: 0
osf: 0
pitfc: 0
rfc: 16
rogu: 0
rsva: 0
saigv: 0
sc: 9
ua: 0
uaf: 0
uav: 0
---
_filename:
  - com/pvmp/StartSplash.java
_module: com::pvmp::StartSplash
acc: 0
accm: 1
amloc: 12
an: 0
anpm: 1
asom: 0
auv: 0
bd: 0
bf: 0
cbo: 9
da: 0
dbz: 0
df: 0
dit: 1
dnp: 0
dupv: 0
fgbo: 0
lcom4: 1
loc: 12
mlk: 0
mmloc: 12
noa: 0
noc: 0
nom: 1
npa: 0
npm: 1
obaa: 0
osf: 0
pitfc: 0
rfc: 1
rogu: 0
rsva: 0
saigv: 0
sc: 9
ua: 0
uaf: 0
uav: 0
---
_filename:
  - com/pvmp/StartSplash.java
_module: com::pvmp::StartSplash::StartThreadHandler
acc: 0
accm: 2
amloc: 18
an: 0
anpm: 0
asom: 0
auv: 0
bd: 0
bf: 0
cbo: 9
da: 0
dbz: 0
df: 0
dit: 0
dnp: 0
dupv: 0
fgbo: 0
lcom4: 1
loc: 18
mlk: 0
mmloc: 18
noa: 0
noc: 0
nom: 1
npa: 0
npm: 1
obaa: 0
osf: 0
pitfc: 0
rfc: 1
rogu: 0
rsva: 0
saigv: 0
sc: 9
ua: 0
uaf: 0
uav: 0
---
_filename:
  - com/pvmp/util/MessageHandling.java
_module: com::pvmp::util::MessageHandling
acc: 0
accm: 3.6
amloc: 13.2
an: 0
anpm: 3.8
asom: 0
auv: 0
bd: 0
bf: 0
cbo: 9
da: 0
dbz: 0
df: 0
dit: 0
dnp: 0
dupv: 0
fgbo: 0
lcom4: 2
loc: 66
mlk: 0
mmloc: 24
noa: 18
noc: 0
nom: 5
npa: 18
npm: 5
obaa: 0
osf: 0
pitfc: 0
rfc: 19
rogu: 0
rsva: 0
saigv: 0
sc: 18
ua: 0
uaf: 0
uav: 0
---
_filename:
  - com/pvmp/util/Util.java
_module: com::pvmp::util::Util
acc: 0
accm: 2
amloc: 8
an: 0
anpm: 1
asom: 0
auv: 0
bd: 0
bf: 0
cbo: 9
da: 0
dbz: 0
df: 0
dit: 0
dnp: 0
dupv: 0
fgbo: 0
lcom4: 1
loc: 8
mlk: 0
mmloc: 8
noa: 2
noc: 0
nom: 1
npa: 0
npm: 1
obaa: 0
osf: 0
pitfc: 0
rfc: 3
rogu: 0
rsva: 0
saigv: 0
sc: 9
ua: 0
uaf: 0
uav: 0
---
_filename:
  - com/pvmp/view/adapter/NavigationDrawerAdapter.java
_module: com::pvmp::view::adapter::NavigationDrawerAdapter
acc: 0
accm: 1.4
amloc: 8.8
an: 0
anpm: 1.4
asom: 0
auv: 0
bd: 0
bf: 0
cbo: 9
da: 0
dbz: 0
df: 0
dit: 1
dnp: 0
dupv: 0
fgbo: 0
lcom4: 2
loc: 44
mlk: 0
mmloc: 27
noa: 2
noc: 0
nom: 5
npa: 0
npm: 5
obaa: 0
osf: 0
pitfc: 0
rfc: 11
rogu: 0
rsva: 0
saigv: 0
sc: 18
ua: 0
uaf: 0
uav: 0
---
_filename:
  - com/pvmp/view/fragment/EditSettingsFragment.java
_module: com::pvmp::view::fragment::EditSettingsFragment
acc: 1
accm: 3.66666666666667
amloc: 24.6666666666667
an: 0
anpm: 0.666666666666667
asom: 0
auv: 0
bd: 0
bf: 0
cbo: 10
da: 0
dbz: 0
df: 0
dit: 2
dnp: 0
dupv: 0
fgbo: 0
lcom4: 2
loc: 148
mlk: 0
mmloc: 42
noa: 12
noc: 0
nom: 6
npa: 0
npm: 6
obaa: 0
osf: 0
pitfc: 0
rfc: 49
rogu: 0
rsva: 0
saigv: 0
sc: 20
ua: 0
uaf: 0
uav: 0
---
_filename:
  - com/pvmp/view/fragment/EditSettingsFragment.java
_module: com::pvmp::view::fragment::EditSettingsFragment::HandleSave
acc: 0
accm: 4
amloc: 25
an: 0
anpm: 1
asom: 0
auv: 0
bd: 0
bf: 0
cbo: 12
da: 0
dbz: 0
df: 0
dit: 0
dnp: 0
dupv: 0
fgbo: 0
lcom4: 1
loc: 25
mlk: 0
mmloc: 25
noa: 0
noc: 0
nom: 1
npa: 0
npm: 1
obaa: 0
osf: 0
pitfc: 0
rfc: 14
rogu: 0
rsva: 0
saigv: 0
sc: 12
ua: 0
uaf: 0
uav: 0
---
_filename:
  - com/pvmp/view/fragment/FeedBackFragment.java
_module: com::pvmp::view::fragment::FeedBackFragment
acc: 0
accm: 1
amloc: 4.5
an: 0
anpm: 1.5
asom: 0
auv: 0
bd: 0
bf: 0
cbo: 12
da: 0
dbz: 0
df: 0
dit: 1
dnp: 0
dupv: 0
fgbo: 0
lcom4: 2
loc: 9
mlk: 0
mmloc: 7
noa: 0
noc: 0
nom: 2
npa: 0
npm: 2
obaa: 0
osf: 0
pitfc: 0
rfc: 2
rogu: 0
rsva: 0
saigv: 0
sc: 24
ua: 0
uaf: 0
uav: 0
---
_filename:
  - com/pvmp/view/fragment/FragmentView.java
_module: com::pvmp::view::fragment::FragmentView
acc: 4
accm: 1
amloc: 1
an: 0
anpm: 1
asom: 0
auv: 0
bd: 0
bf: 0
cbo: 12
da: 0
dbz: 0
df: 0
dit: 1
dnp: 0
dupv: 0
fgbo: 0
lcom4: 1
loc: 1
mlk: 0
mmloc: 1
noa: 0
noc: 4
nom: 1
npa: 0
npm: 1
obaa: 0
osf: 0
pitfc: 0
rfc: 1
rogu: 0
rsva: 0
saigv: 0
sc: 12
ua: 0
uaf: 0
uav: 0
---
_filename:
  - com/pvmp/view/fragment/HomeFragment.java
_module: com::pvmp::view::fragment::HomeFragment
acc: 0
accm: 1
amloc: 10
an: 0
anpm: 1.5
asom: 0
auv: 0
bd: 0
bf: 0
cbo: 12
da: 0
dbz: 0
df: 0
dit: 1
dnp: 0
dupv: 0
fgbo: 0
lcom4: 2
loc: 20
mlk: 0
mmloc: 18
noa: 3
noc: 0
nom: 2
npa: 0
npm: 2
obaa: 0
osf: 0
pitfc: 0
rfc: 10
rogu: 0
rsva: 0
saigv: 0
sc: 24
ua: 0
uaf: 0
uav: 0
---
_filename:
  - com/pvmp/view/fragment/LoginFragment.java
_module: com::pvmp::view::fragment::LoginFragment
acc: 2
accm: 1
amloc: 13
an: 0
anpm: 1.33333333333333
asom: 0
auv: 0
bd: 0
bf: 0
cbo: 12
da: 0
dbz: 0
df: 0
dit: 2
dnp: 0
dupv: 0
fgbo: 0
lcom4: 2
loc: 39
mlk: 0
mmloc: 18
noa: 9
noc: 0
nom: 3
npa: 0
npm: 3
obaa: 0
osf: 0
pitfc: 0
rfc: 16
rogu: 0
rsva: 0
saigv: 0
sc: 24
ua: 0
uaf: 0
uav: 0
---
_filename:
  - com/pvmp/view/fragment/LoginFragment.java
_module: com::pvmp::view::fragment::LoginFragment::HandleLogin
acc: 0
accm: 2
amloc: 18
an: 0
anpm: 1
asom: 0
auv: 0
bd: 0
bf: 0
cbo: 13
da: 0
dbz: 0
df: 0
dit: 0
dnp: 0
dupv: 0
fgbo: 0
lcom4: 1
loc: 18
mlk: 0
mmloc: 18
noa: 0
noc: 0
nom: 1
npa: 0
npm: 1
obaa: 0
osf: 0
pitfc: 0
rfc: 11
rogu: 0
rsva: 0
saigv: 0
sc: 13
ua: 0
uaf: 0
uav: 0
---
_filename:
  - com/pvmp/view/fragment/LoginFragment.java
_module: com::pvmp::view::fragment::LoginFragment::HandleRegister
acc: 0
accm: 1
amloc: 4
an: 0
anpm: 1
asom: 0
auv: 0
bd: 0
bf: 0
cbo: 13
da: 0
dbz: 0
df: 0
dit: 0
dnp: 0
dupv: 0
fgbo: 0
lcom4: 1
loc: 4
mlk: 0
mmloc: 4
noa: 0
noc: 0
nom: 1
npa: 0
npm: 1
obaa: 0
osf: 0
pitfc: 0
rfc: 3
rogu: 0
rsva: 0
saigv: 0
sc: 13
ua: 0
uaf: 0
uav: 0
---
_filename:
  - com/pvmp/view/fragment/LoginFragment.java
_module: com::pvmp::view::fragment::LoginFragment::HandleGuest
acc: 0
accm: 1
amloc: 4
an: 0
anpm: 1
asom: 0
auv: 0
bd: 0
bf: 0
cbo: 13
da: 0
dbz: 0
df: 0
dit: 0
dnp: 0
dupv: 0
fgbo: 0
lcom4: 1
loc: 4
mlk: 0
mmloc: 4
noa: 0
noc: 0
nom: 1
npa: 0
npm: 1
obaa: 0
osf: 0
pitfc: 0
rfc: 1
rogu: 0
rsva: 0
saigv: 0
sc: 13
ua: 0
uaf: 0
uav: 0
---
_filename:
  - com/pvmp/view/fragment/PartyFragment.java
_module: com::pvmp::view::fragment::PartyFragment
acc: 0
accm: 1
amloc: 4.5
an: 0
anpm: 1.5
asom: 0
auv: 0
bd: 0
bf: 0
cbo: 13
da: 0
dbz: 0
df: 0
dit: 1
dnp: 0
dupv: 0
fgbo: 0
lcom4: 2
loc: 9
mlk: 0
mmloc: 7
noa: 0
noc: 0
nom: 2
npa: 0
npm: 2
obaa: 0
osf: 0
pitfc: 0
rfc: 2
rogu: 0
rsva: 0
saigv: 0
sc: 26
ua: 0
uaf: 0
uav: 0
---
_filename:
  - com/pvmp/view/fragment/PropositionFragment.java
_module: com::pvmp::view::fragment::PropositionFragment
acc: 0
accm: 1
amloc: 4
an: 0
anpm: 1.5
asom: 0
auv: 0
bd: 0
bf: 0
cbo: 13
da: 0
dbz: 0
df: 0
dit: 1
dnp: 0
dupv: 0
fgbo: 0
lcom4: 2
loc: 8
mlk: 0
mmloc: 6
noa: 0
noc: 0
nom: 2
npa: 0
npm: 2
obaa: 0
osf: 0
pitfc: 0
rfc: 2
rogu: 0
rsva: 0
saigv: 0
sc: 26
ua: 0
uaf: 0
uav: 0
---
_filename:
  - com/pvmp/view/fragment/SettingsFragment.java
_module: com::pvmp::view::fragment::SettingsFragment
acc: 2
accm: 1
amloc: 11.25
an: 0
anpm: 1
asom: 0
auv: 0
bd: 0
bf: 0
cbo: 13
da: 0
dbz: 0
df: 0
dit: 2
dnp: 0
dupv: 0
fgbo: 0
lcom4: 2
loc: 45
mlk: 0
mmloc: 18
noa: 14
noc: 0
nom: 4
npa: 0
npm: 4
obaa: 0
osf: 0
pitfc: 0
rfc: 34
rogu: 0
rsva: 0
saigv: 0
sc: 26
ua: 0
uaf: 0
uav: 0
---
_filename:
  - com/pvmp/view/fragment/SettingsFragment.java
_module: com::pvmp::view::fragment::SettingsFragment::HandleEdit
acc: 0
accm: 1
amloc: 4
an: 0
anpm: 1
asom: 0
auv: 0
bd: 0
bf: 0
cbo: 14
da: 0
dbz: 0
df: 0
dit: 0
dnp: 0
dupv: 0
fgbo: 0
lcom4: 1
loc: 4
mlk: 0
mmloc: 4
noa: 0
noc: 0
nom: 1
npa: 0
npm: 1
obaa: 0
osf: 0
pitfc: 0
rfc: 3
rogu: 0
rsva: 0
saigv: 0
sc: 14
ua: 0
uaf: 0
uav: 0
---
_filename:
  - com/pvmp/view/fragment/SettingsFragment.java
_module: com::pvmp::view::fragment::SettingsFragment::HandleDelete
acc: 0
accm: 3
amloc: 19
an: 0
anpm: 1
asom: 0
auv: 0
bd: 0
bf: 0
cbo: 14
da: 0
dbz: 0
df: 0
dit: 0
dnp: 0
dupv: 0
fgbo: 0
lcom4: 1
loc: 19
mlk: 0
mmloc: 19
noa: 0
noc: 0
nom: 1
npa: 0
npm: 1
obaa: 0
osf: 0
pitfc: 0
rfc: 10
rogu: 0
rsva: 0
saigv: 0
sc: 14
ua: 0
uaf: 0
uav: 0
---
_filename:
  - com/pvmp/view/fragment/UserRegisterFragment.java
_module: com::pvmp::view::fragment::UserRegisterFragment
acc: 1
accm: 2.5
amloc: 19.5
an: 0
anpm: 1
asom: 0
auv: 0
bd: 0
bf: 0
cbo: 14
da: 0
dbz: 0
df: 0
dit: 2
dnp: 0
dupv: 0
fgbo: 0
lcom4: 2
loc: 78
mlk: 0
mmloc: 45
noa: 12
noc: 0
nom: 4
npa: 1
npm: 4
obaa: 0
osf: 0
pitfc: 0
rfc: 32
rogu: 0
rsva: 0
saigv: 0
sc: 28
ua: 0
uaf: 0
uav: 0
---
_filename:
  - com/pvmp/view/fragment/UserRegisterFragment.java
_module: com::pvmp::view::fragment::UserRegisterFragment::HandleRegister
acc: 0
accm: 2
amloc: 20
an: 0
anpm: 1
asom: 0
auv: 0
bd: 0
bf: 0
cbo: 15
da: 0
dbz: 0
df: 0
dit: 0
dnp: 0
dupv: 0
fgbo: 0
lcom4: 1
loc: 20
mlk: 0
mmloc: 20
noa: 0
noc: 0
nom: 1
npa: 0
npm: 1
obaa: 0
osf: 0
pitfc: 0
rfc: 12
rogu: 0
rsva: 0
saigv: 0
sc: 15
ua: 0
uaf: 0
uav: 0
---
_filename:
  - com/pvmp/view/model/NavigationDrawerItem.java
_module: com::pvmp::view::model::NavigationDrawerItem
acc: 0
accm: 1
amloc: 4.18181818181818
an: 0
anpm: 0.909090909090909
asom: 0
auv: 0
bd: 0
bf: 0
cbo: 15
da: 0
dbz: 0
df: 0
dit: 0
dnp: 0
dupv: 0
fgbo: 0
lcom4: 2
loc: 46
mlk: 0
mmloc: 7
noa: 4
noc: 0
nom: 11
npa: 0
npm: 11
obaa: 0
osf: 0
pitfc: 0
rfc: 25
rogu: 0
rsva: 0
saigv: 0
sc: 30
ua: 0
uaf: 0
uav: 0
---
_filename:
  - com/pvmp/view/PVMPView.java
_module: com::pvmp::view::PVMPView
acc: 8
accm: 2.0625
amloc: 15.1875
an: 0
anpm: 0.8125
asom: 0
auv: 0
bd: 0
bf: 0
cbo: 16
da: 0
dbz: 0
df: 0
dit: 1
dnp: 0
dupv: 0
fgbo: 0
lcom4: 5
loc: 243
mlk: 0
mmloc: 63
noa: 11
noc: 0
nom: 16
npa: 0
npm: 12
obaa: 0
osf: 0
pitfc: 0
rfc: 66
rogu: 0
rsva: 0
saigv: 0
sc: 80
ua: 0
uaf: 0
uav: 0
---
_filename:
  - com/pvmp/view/PVMPView.java
_module: com::pvmp::view::PVMPView::SlideMenuClickListener
acc: 0
accm: 1
amloc: 7
an: 0
anpm: 4
asom: 0
auv: 0
bd: 0
bf: 0
cbo: 16
da: 0
dbz: 0
df: 0
dit: 0
dnp: 0
dupv: 0
fgbo: 0
lcom4: 1
loc: 7
mlk: 0
mmloc: 7
noa: 0
noc: 0
nom: 1
npa: 0
npm: 1
obaa: 0
osf: 0
pitfc: 0
rfc: 2
rogu: 0
rsva: 0
saigv: 0
sc: 16
ua: 0
uaf: 0
uav: 0
---
_filename:
  - com/pvmp/view/ViewObserverInterface.java
_module: com::pvmp::view::ViewObserverInterface
acc: 4
accm: 1
amloc: 1
an: 0
anpm: 1
asom: 0
auv: 0
bd: 0
bf: 0
cbo: 16
da: 0
dbz: 0
df: 0
dit: 0
dnp: 0
dupv: 0
fgbo: 0
lcom4: 3
loc: 3
mlk: 0
mmloc: 1
noa: 10
noc: 1
nom: 3
npa: 10
npm: 3
obaa: 0
osf: 0
pitfc: 0
rfc: 3
rogu: 0
rsva: 0
saigv: 0
sc: 48
ua: 0
uaf: 0
uav: 0
